<?xml version="1.0" encoding="UTF-8"?>
<!-- Generated by org.testng.reporters.JUnitReportReporter -->
<testsuite hostname="DESKTOP-VLU3BMP" failures="0" tests="1" name="day26.Demo1" time="10.068" errors="0" timestamp="2023-06-21T23:56:33 IST" skipped="0">
  <testcase classname="day26.Demo1" name="testA" time="10.068"/>
</testsuite> <!-- day26.Demo1 -->
